{"/Users/1100628/study/podcast-frontend-unit-test/src/components/button.tsx": {"path":"/Users/1100628/study/podcast-frontend-unit-test/src/components/button.tsx","statementMap":{"0":{"start":{"line":10,"column":46},"end":{"line":26,"column":1}},"1":{"start":{"line":16,"column":2},"end":{"line":25,"column":11}}},"fnMap":{"0":{"name":"(anonymous_0)","decl":{"start":{"line":10,"column":46},"end":{"line":10,"column":47}},"loc":{"start":{"line":16,"column":2},"end":{"line":25,"column":11}},"line":16}},"branchMap":{"0":{"loc":{"start":{"line":19,"column":6},"end":{"line":21,"column":43}},"type":"cond-expr","locations":[{"start":{"line":20,"column":10},"end":{"line":20,"column":41}},{"start":{"line":21,"column":10},"end":{"line":21,"column":43}}],"line":19},"1":{"loc":{"start":{"line":24,"column":5},"end":{"line":24,"column":40}},"type":"cond-expr","locations":[{"start":{"line":24,"column":15},"end":{"line":24,"column":27}},{"start":{"line":24,"column":30},"end":{"line":24,"column":40}}],"line":24}},"s":{"0":2,"1":63},"f":{"0":63},"b":{"0":[30,33],"1":[8,55]},"_coverageSchema":"1a1c01bbd47fc00a2c39e90264f33305004495a9","hash":"599d1462ba04d86dedafca83660a1c182bd7a659"}
,"/Users/1100628/study/podcast-frontend-unit-test/src/components/form-error.tsx": {"path":"/Users/1100628/study/podcast-frontend-unit-test/src/components/form-error.tsx","statementMap":{"0":{"start":{"line":7,"column":52},"end":{"line":14,"column":1}},"1":{"start":{"line":8,"column":2},"end":{"line":13,"column":9}}},"fnMap":{"0":{"name":"(anonymous_0)","decl":{"start":{"line":7,"column":52},"end":{"line":7,"column":53}},"loc":{"start":{"line":8,"column":2},"end":{"line":13,"column":9}},"line":8}},"branchMap":{},"s":{"0":2,"1":22},"f":{"0":22},"b":{},"_coverageSchema":"1a1c01bbd47fc00a2c39e90264f33305004495a9","hash":"94c9815cab5ab09340224c70fb7b6fc44d987b90"}
,"/Users/1100628/study/podcast-frontend-unit-test/src/components/header.tsx": {"path":"/Users/1100628/study/podcast-frontend-unit-test/src/components/header.tsx","statementMap":{"0":{"start":{"line":4,"column":31},"end":{"line":28,"column":1}},"1":{"start":{"line":5,"column":21},"end":{"line":5,"column":28}},"2":{"start":{"line":6,"column":4},"end":{"line":27,"column":5}}},"fnMap":{"0":{"name":"(anonymous_0)","decl":{"start":{"line":4,"column":31},"end":{"line":4,"column":32}},"loc":{"start":{"line":4,"column":37},"end":{"line":28,"column":1}},"line":4}},"branchMap":{},"s":{"0":0,"1":0,"2":0},"f":{"0":0},"b":{}}
,"/Users/1100628/study/podcast-frontend-unit-test/src/pages/create-account.tsx": {"path":"/Users/1100628/study/podcast-frontend-unit-test/src/pages/create-account.tsx","statementMap":{"0":{"start":{"line":13,"column":39},"end":{"line":20,"column":1}},"1":{"start":{"line":29,"column":29},"end":{"line":221,"column":1}},"2":{"start":{"line":36,"column":6},"end":{"line":41,"column":4}},"3":{"start":{"line":42,"column":18},"end":{"line":42,"column":30}},"4":{"start":{"line":43,"column":22},"end":{"line":52,"column":3}},"5":{"start":{"line":46,"column":8},"end":{"line":46,"column":12}},"6":{"start":{"line":48,"column":4},"end":{"line":51,"column":5}},"7":{"start":{"line":49,"column":6},"end":{"line":49,"column":44}},"8":{"start":{"line":50,"column":6},"end":{"line":50,"column":24}},"9":{"start":{"line":53,"column":36},"end":{"line":53,"column":47}},"10":{"start":{"line":57,"column":6},"end":{"line":65,"column":3}},"11":{"start":{"line":67,"column":18},"end":{"line":69,"column":3}},"12":{"start":{"line":68,"column":4},"end":{"line":68,"column":28}},"13":{"start":{"line":70,"column":2},"end":{"line":220,"column":4}},"14":{"start":{"line":156,"column":35},"end":{"line":156,"column":65}},"15":{"start":{"line":197,"column":14},"end":{"line":199,"column":23}}},"fnMap":{"0":{"name":"(anonymous_0)","decl":{"start":{"line":29,"column":29},"end":{"line":29,"column":30}},"loc":{"start":{"line":29,"column":35},"end":{"line":221,"column":1}},"line":29},"1":{"name":"(anonymous_1)","decl":{"start":{"line":43,"column":22},"end":{"line":43,"column":23}},"loc":{"start":{"line":43,"column":55},"end":{"line":52,"column":3}},"line":43},"2":{"name":"(anonymous_2)","decl":{"start":{"line":67,"column":18},"end":{"line":67,"column":19}},"loc":{"start":{"line":67,"column":24},"end":{"line":69,"column":3}},"line":67},"3":{"name":"(anonymous_3)","decl":{"start":{"line":156,"column":24},"end":{"line":156,"column":25}},"loc":{"start":{"line":156,"column":35},"end":{"line":156,"column":65}},"line":156},"4":{"name":"(anonymous_4)","decl":{"start":{"line":196,"column":39},"end":{"line":196,"column":40}},"loc":{"start":{"line":197,"column":14},"end":{"line":199,"column":23}},"line":197}},"branchMap":{"0":{"loc":{"start":{"line":48,"column":4},"end":{"line":51,"column":5}},"type":"if","locations":[{"start":{"line":48,"column":4},"end":{"line":51,"column":5}},{"start":{"line":48,"column":4},"end":{"line":51,"column":5}}],"line":48},"1":{"loc":{"start":{"line":116,"column":11},"end":{"line":118,"column":11}},"type":"binary-expr","locations":[{"start":{"line":116,"column":11},"end":{"line":116,"column":32}},{"start":{"line":117,"column":12},"end":{"line":117,"column":61}}],"line":116},"2":{"loc":{"start":{"line":163,"column":11},"end":{"line":165,"column":11}},"type":"binary-expr","locations":[{"start":{"line":163,"column":11},"end":{"line":163,"column":35}},{"start":{"line":164,"column":12},"end":{"line":164,"column":64}}],"line":163},"3":{"loc":{"start":{"line":166,"column":11},"end":{"line":168,"column":11}},"type":"binary-expr","locations":[{"start":{"line":166,"column":11},"end":{"line":166,"column":43}},{"start":{"line":167,"column":12},"end":{"line":167,"column":72}}],"line":166},"4":{"loc":{"start":{"line":169,"column":11},"end":{"line":171,"column":11}},"type":"binary-expr","locations":[{"start":{"line":169,"column":11},"end":{"line":169,"column":34}},{"start":{"line":170,"column":12},"end":{"line":170,"column":61}}],"line":169},"5":{"loc":{"start":{"line":208,"column":11},"end":{"line":210,"column":11}},"type":"binary-expr","locations":[{"start":{"line":208,"column":11},"end":{"line":208,"column":51}},{"start":{"line":209,"column":12},"end":{"line":209,"column":80}}],"line":208}},"s":{"0":1,"1":1,"2":33,"3":33,"4":33,"5":2,"6":2,"7":1,"8":1,"9":33,"10":33,"11":33,"12":2,"13":33,"14":6,"15":66},"f":{"0":33,"1":2,"2":2,"3":6,"4":66},"b":{"0":[1,1],"1":[33,4],"2":[33,4],"3":[33,2],"4":[33,3],"5":[33,1]},"_coverageSchema":"1a1c01bbd47fc00a2c39e90264f33305004495a9","hash":"76c2a8a06cb4e668af6fca15b48ddd372427462d"}
,"/Users/1100628/study/podcast-frontend-unit-test/src/pages/login.tsx": {"path":"/Users/1100628/study/podcast-frontend-unit-test/src/pages/login.tsx","statementMap":{"0":{"start":{"line":14,"column":30},"end":{"line":22,"column":1}},"1":{"start":{"line":29,"column":21},"end":{"line":178,"column":1}},"2":{"start":{"line":36,"column":6},"end":{"line":38,"column":4}},"3":{"start":{"line":40,"column":22},"end":{"line":50,"column":3}},"4":{"start":{"line":43,"column":8},"end":{"line":43,"column":12}},"5":{"start":{"line":45,"column":4},"end":{"line":49,"column":5}},"6":{"start":{"line":46,"column":6},"end":{"line":46,"column":44}},"7":{"start":{"line":47,"column":6},"end":{"line":47,"column":26}},"8":{"start":{"line":48,"column":6},"end":{"line":48,"column":26}},"9":{"start":{"line":51,"column":20},"end":{"line":53,"column":3}},"10":{"start":{"line":54,"column":66},"end":{"line":60,"column":4}},"11":{"start":{"line":62,"column":18},"end":{"line":64,"column":3}},"12":{"start":{"line":63,"column":4},"end":{"line":63,"column":20}},"13":{"start":{"line":66,"column":2},"end":{"line":177,"column":4}}},"fnMap":{"0":{"name":"(anonymous_0)","decl":{"start":{"line":29,"column":21},"end":{"line":29,"column":22}},"loc":{"start":{"line":29,"column":27},"end":{"line":178,"column":1}},"line":29},"1":{"name":"(anonymous_1)","decl":{"start":{"line":40,"column":22},"end":{"line":40,"column":23}},"loc":{"start":{"line":40,"column":47},"end":{"line":50,"column":3}},"line":40},"2":{"name":"(anonymous_2)","decl":{"start":{"line":62,"column":18},"end":{"line":62,"column":19}},"loc":{"start":{"line":62,"column":24},"end":{"line":64,"column":3}},"line":62}},"branchMap":{"0":{"loc":{"start":{"line":45,"column":4},"end":{"line":49,"column":5}},"type":"if","locations":[{"start":{"line":45,"column":4},"end":{"line":49,"column":5}},{"start":{"line":45,"column":4},"end":{"line":49,"column":5}}],"line":45},"1":{"loc":{"start":{"line":45,"column":8},"end":{"line":45,"column":19}},"type":"binary-expr","locations":[{"start":{"line":45,"column":8},"end":{"line":45,"column":10}},{"start":{"line":45,"column":14},"end":{"line":45,"column":19}}],"line":45},"2":{"loc":{"start":{"line":117,"column":13},"end":{"line":119,"column":13}},"type":"binary-expr","locations":[{"start":{"line":117,"column":13},"end":{"line":117,"column":34}},{"start":{"line":118,"column":14},"end":{"line":118,"column":63}}],"line":117},"3":{"loc":{"start":{"line":146,"column":13},"end":{"line":148,"column":13}},"type":"binary-expr","locations":[{"start":{"line":146,"column":13},"end":{"line":146,"column":37}},{"start":{"line":147,"column":14},"end":{"line":147,"column":66}}],"line":146},"4":{"loc":{"start":{"line":149,"column":13},"end":{"line":151,"column":13}},"type":"binary-expr","locations":[{"start":{"line":149,"column":13},"end":{"line":149,"column":50}},{"start":{"line":150,"column":14},"end":{"line":150,"column":83}}],"line":149},"5":{"loc":{"start":{"line":159,"column":13},"end":{"line":161,"column":13}},"type":"binary-expr","locations":[{"start":{"line":159,"column":13},"end":{"line":159,"column":45}},{"start":{"line":160,"column":14},"end":{"line":160,"column":74}}],"line":159}},"s":{"0":1,"1":1,"2":30,"3":30,"4":2,"5":2,"6":1,"7":1,"8":1,"9":30,"10":30,"11":30,"12":2,"13":30},"f":{"0":30,"1":2,"2":2},"b":{"0":[1,1],"1":[2,1],"2":[30,1],"3":[30,2],"4":[30,4],"5":[30,1]},"_coverageSchema":"1a1c01bbd47fc00a2c39e90264f33305004495a9","hash":"0b0f4f8a9a92c5cedc07e07826f3c0a31c43d895"}
,"/Users/1100628/study/podcast-frontend-unit-test/src/pages/listener/episodes.tsx": {"path":"/Users/1100628/study/podcast-frontend-unit-test/src/pages/listener/episodes.tsx","statementMap":{"0":{"start":{"line":11,"column":27},"end":{"line":30,"column":1}},"1":{"start":{"line":36,"column":24},"end":{"line":118,"column":1}},"2":{"start":{"line":37,"column":17},"end":{"line":37,"column":44}},"3":{"start":{"line":38,"column":35},"end":{"line":47,"column":3}},"4":{"start":{"line":49,"column":2},"end":{"line":55,"column":3}},"5":{"start":{"line":50,"column":4},"end":{"line":54,"column":6}},"6":{"start":{"line":57,"column":2},"end":{"line":117,"column":4}},"7":{"start":{"line":86,"column":10},"end":{"line":113,"column":16}}},"fnMap":{"0":{"name":"(anonymous_0)","decl":{"start":{"line":36,"column":24},"end":{"line":36,"column":25}},"loc":{"start":{"line":36,"column":30},"end":{"line":118,"column":1}},"line":36},"1":{"name":"(anonymous_1)","decl":{"start":{"line":85,"column":41},"end":{"line":85,"column":42}},"loc":{"start":{"line":86,"column":10},"end":{"line":113,"column":16}},"line":86}},"branchMap":{"0":{"loc":{"start":{"line":49,"column":2},"end":{"line":55,"column":3}},"type":"if","locations":[{"start":{"line":49,"column":2},"end":{"line":55,"column":3}},{"start":{"line":49,"column":2},"end":{"line":55,"column":3}}],"line":49},"1":{"loc":{"start":{"line":49,"column":6},"end":{"line":49,"column":31}},"type":"binary-expr","locations":[{"start":{"line":49,"column":6},"end":{"line":49,"column":11}},{"start":{"line":49,"column":15},"end":{"line":49,"column":22}},{"start":{"line":49,"column":26},"end":{"line":49,"column":31}}],"line":49}},"s":{"0":1,"1":1,"2":2,"3":2,"4":2,"5":2,"6":0,"7":0},"f":{"0":2,"1":0},"b":{"0":[2,0],"1":[2,0,0]},"_coverageSchema":"1a1c01bbd47fc00a2c39e90264f33305004495a9","hash":"7b15d27f51fbfd997c0bc32c91c2337da6d18dc1"}
,"/Users/1100628/study/podcast-frontend-unit-test/src/pages/listener/podcasts.tsx": {"path":"/Users/1100628/study/podcast-frontend-unit-test/src/pages/listener/podcasts.tsx","statementMap":{"0":{"start":{"line":7,"column":33},"end":{"line":18,"column":1}},"1":{"start":{"line":20,"column":24},"end":{"line":62,"column":1}},"2":{"start":{"line":21,"column":19},"end":{"line":21,"column":70}},"3":{"start":{"line":23,"column":2},"end":{"line":61,"column":4}},"4":{"start":{"line":30,"column":10},"end":{"line":57,"column":17}}},"fnMap":{"0":{"name":"(anonymous_0)","decl":{"start":{"line":20,"column":24},"end":{"line":20,"column":25}},"loc":{"start":{"line":20,"column":30},"end":{"line":62,"column":1}},"line":20},"1":{"name":"(anonymous_1)","decl":{"start":{"line":29,"column":44},"end":{"line":29,"column":45}},"loc":{"start":{"line":30,"column":10},"end":{"line":57,"column":17}},"line":30}},"branchMap":{},"s":{"0":1,"1":1,"2":2,"3":2,"4":1},"f":{"0":2,"1":1},"b":{},"_coverageSchema":"1a1c01bbd47fc00a2c39e90264f33305004495a9","hash":"b42197b95c0f3d4128b74761efbde334f26220a3"}
,"/Users/1100628/study/podcast-frontend-unit-test/src/routers/logged-in-router.tsx": {"path":"/Users/1100628/study/podcast-frontend-unit-test/src/routers/logged-in-router.tsx","statementMap":{"0":{"start":{"line":10,"column":23},"end":{"line":17,"column":1}},"1":{"start":{"line":19,"column":30},"end":{"line":43,"column":1}},"2":{"start":{"line":20,"column":37},"end":{"line":20,"column":44}},"3":{"start":{"line":22,"column":24},"end":{"line":25,"column":5}},"4":{"start":{"line":23,"column":8},"end":{"line":23,"column":42}},"5":{"start":{"line":24,"column":8},"end":{"line":24,"column":29}},"6":{"start":{"line":26,"column":4},"end":{"line":32,"column":5}},"7":{"start":{"line":27,"column":8},"end":{"line":31,"column":10}},"8":{"start":{"line":33,"column":4},"end":{"line":42,"column":5}}},"fnMap":{"0":{"name":"(anonymous_0)","decl":{"start":{"line":19,"column":30},"end":{"line":19,"column":31}},"loc":{"start":{"line":19,"column":36},"end":{"line":43,"column":1}},"line":19},"1":{"name":"(anonymous_1)","decl":{"start":{"line":22,"column":24},"end":{"line":22,"column":25}},"loc":{"start":{"line":22,"column":30},"end":{"line":25,"column":5}},"line":22}},"branchMap":{"0":{"loc":{"start":{"line":26,"column":4},"end":{"line":32,"column":5}},"type":"if","locations":[{"start":{"line":26,"column":4},"end":{"line":32,"column":5}},{"start":{"line":26,"column":4},"end":{"line":32,"column":5}}],"line":26},"1":{"loc":{"start":{"line":26,"column":8},"end":{"line":26,"column":33}},"type":"binary-expr","locations":[{"start":{"line":26,"column":8},"end":{"line":26,"column":13}},{"start":{"line":26,"column":17},"end":{"line":26,"column":24}},{"start":{"line":26,"column":28},"end":{"line":26,"column":33}}],"line":26},"2":{"loc":{"start":{"line":37,"column":17},"end":{"line":37,"column":62}},"type":"binary-expr","locations":[{"start":{"line":37,"column":17},"end":{"line":37,"column":44}},{"start":{"line":37,"column":48},"end":{"line":37,"column":62}}],"line":37}},"s":{"0":0,"1":0,"2":0,"3":0,"4":0,"5":0,"6":0,"7":0,"8":0},"f":{"0":0,"1":0},"b":{"0":[0,0],"1":[0,0,0],"2":[0,0]}}
,"/Users/1100628/study/podcast-frontend-unit-test/src/routers/logged-out-router.tsx": {"path":"/Users/1100628/study/podcast-frontend-unit-test/src/routers/logged-out-router.tsx","statementMap":{"0":{"start":{"line":7,"column":31},"end":{"line":17,"column":1}},"1":{"start":{"line":8,"column":4},"end":{"line":16,"column":5}}},"fnMap":{"0":{"name":"(anonymous_0)","decl":{"start":{"line":7,"column":31},"end":{"line":7,"column":32}},"loc":{"start":{"line":7,"column":37},"end":{"line":17,"column":1}},"line":7}},"branchMap":{},"s":{"0":0,"1":0},"f":{"0":0},"b":{}}
}
