TN:
SF:src/components/button.tsx
FN:10,(anonymous_0)
FNF:1
FNH:1
FNDA:63,(anonymous_0)
DA:10,2
DA:16,63
LF:2
LH:2
BRDA:19,0,0,30
BRDA:19,0,1,33
BRDA:24,1,0,8
BRDA:24,1,1,55
BRF:4
BRH:4
end_of_record
TN:
SF:src/components/form-error.tsx
FN:7,(anonymous_0)
FNF:1
FNH:1
FNDA:22,(anonymous_0)
DA:7,2
DA:8,22
LF:2
LH:2
BRF:0
BRH:0
end_of_record
TN:
SF:src/components/header.tsx
FN:4,(anonymous_0)
FNF:1
FNH:0
FNDA:0,(anonymous_0)
DA:4,0
DA:5,0
DA:6,0
LF:3
LH:0
BRF:0
BRH:0
end_of_record
TN:
SF:src/pages/create-account.tsx
FN:29,(anonymous_0)
FN:43,(anonymous_1)
FN:67,(anonymous_2)
FN:156,(anonymous_3)
FN:196,(anonymous_4)
FNF:5
FNH:5
FNDA:33,(anonymous_0)
FNDA:2,(anonymous_1)
FNDA:2,(anonymous_2)
FNDA:6,(anonymous_3)
FNDA:66,(anonymous_4)
DA:13,1
DA:29,1
DA:36,33
DA:42,33
DA:43,33
DA:46,2
DA:48,2
DA:49,1
DA:50,1
DA:53,33
DA:57,33
DA:67,33
DA:68,2
DA:70,33
DA:156,6
DA:197,66
LF:16
LH:16
BRDA:48,0,0,1
BRDA:48,0,1,1
BRDA:116,1,0,33
BRDA:116,1,1,4
BRDA:163,2,0,33
BRDA:163,2,1,4
BRDA:166,3,0,33
BRDA:166,3,1,2
BRDA:169,4,0,33
BRDA:169,4,1,3
BRDA:208,5,0,33
BRDA:208,5,1,1
BRF:12
BRH:12
end_of_record
TN:
SF:src/pages/login.tsx
FN:29,(anonymous_0)
FN:40,(anonymous_1)
FN:62,(anonymous_2)
FNF:3
FNH:3
FNDA:30,(anonymous_0)
FNDA:2,(anonymous_1)
FNDA:2,(anonymous_2)
DA:14,1
DA:29,1
DA:36,30
DA:40,30
DA:43,2
DA:45,2
DA:46,1
DA:47,1
DA:48,1
DA:51,30
DA:54,30
DA:62,30
DA:63,2
DA:66,30
LF:14
LH:14
BRDA:45,0,0,1
BRDA:45,0,1,1
BRDA:45,1,0,2
BRDA:45,1,1,1
BRDA:117,2,0,30
BRDA:117,2,1,1
BRDA:146,3,0,30
BRDA:146,3,1,2
BRDA:149,4,0,30
BRDA:149,4,1,4
BRDA:159,5,0,30
BRDA:159,5,1,1
BRF:12
BRH:12
end_of_record
TN:
SF:src/pages/listener/episodes.tsx
FN:36,(anonymous_0)
FN:85,(anonymous_1)
FNF:2
FNH:2
FNDA:2,(anonymous_0)
FNDA:1,(anonymous_1)
DA:11,1
DA:36,1
DA:37,2
DA:38,2
DA:49,2
DA:50,1
DA:57,1
DA:86,1
LF:8
LH:8
BRDA:49,0,0,1
BRDA:49,0,1,1
BRDA:49,1,0,2
BRDA:49,1,1,1
BRDA:49,1,2,1
BRF:5
BRH:5
end_of_record
TN:
SF:src/pages/listener/podcasts.tsx
FN:20,(anonymous_0)
FN:28,(anonymous_1)
FNF:2
FNH:2
FNDA:2,(anonymous_0)
FNDA:1,(anonymous_1)
DA:7,1
DA:20,1
DA:21,2
DA:22,2
DA:29,1
LF:5
LH:5
BRF:0
BRH:0
end_of_record
TN:
SF:src/routers/logged-in-router.tsx
FN:19,(anonymous_0)
FN:22,(anonymous_1)
FNF:2
FNH:0
FNDA:0,(anonymous_0)
FNDA:0,(anonymous_1)
DA:10,0
DA:19,0
DA:20,0
DA:22,0
DA:23,0
DA:24,0
DA:26,0
DA:27,0
DA:33,0
LF:9
LH:0
BRDA:26,0,0,0
BRDA:26,0,1,0
BRDA:26,1,0,0
BRDA:26,1,1,0
BRDA:26,1,2,0
BRDA:37,2,0,0
BRDA:37,2,1,0
BRF:7
BRH:0
end_of_record
TN:
SF:src/routers/logged-out-router.tsx
FN:7,(anonymous_0)
FNF:1
FNH:0
FNDA:0,(anonymous_0)
DA:7,0
DA:8,0
LF:2
LH:0
BRF:0
BRH:0
end_of_record
